
sudo: a terminal is required to read the password; either use the -S option to read from standard input or configure an askpass helper
sudo: a password is required
Error: failed to set Wi-Fi radio: Not authorized to perform this operation
Error: failed to set Wi-Fi radio: Not authorized to perform this operation
sudo: a terminal is required to read the password; either use the -S option to read from standard input or configure an askpass helper
sudo: a password is required
Error: failed to set Wi-Fi radio: Not authorized to perform this operation
Error: failed to set Wi-Fi radio: Not authorized to perform this operation
sudo: a terminal is required to read the password; either use the -S option to read from standard input or configure an askpass helper
sudo: a password is required
Error: failed to set Wi-Fi radio: Not authorized to perform this operation
Error: failed to set Wi-Fi radio: Not authorized to perform this operation
sudo: a terminal is required to read the password; either use the -S option to read from standard input or configure an askpass helper
sudo: a password is required
Error: failed to set Wi-Fi radio: Not authorized to perform this operation
Error: failed to set Wi-Fi radio: Not authorized to perform this operation
sudo: a terminal is required to read the password; either use the -S option to read from standard input or configure an askpass helper
sudo: a password is required
Error: failed to set Wi-Fi radio: Not authorized to perform this operation
Error: failed to set Wi-Fi radio: Not authorized to perform this operation
sudo: a terminal is required to read the password; either use the -S option to read from standard input or configure an askpass helper
sudo: a password is required
Error: failed to set Wi-Fi radio: Not authorized to perform this operation
Error: failed to set Wi-Fi radio: Not authorized to perform this operation
sudo: a terminal is required to read the password; either use the -S option to read from standard input or configure an askpass helper
sudo: a password is required
Error: failed to set Wi-Fi radio: Not authorized to perform this operation
Error: failed to set Wi-Fi radio: Not authorized to perform this operation
sudo: a terminal is required to read the password; either use the -S option to read from standard input or configure an askpass helper
sudo: a password is required
Error: failed to set Wi-Fi radio: Not authorized to perform this operation
Error: failed to set Wi-Fi radio: Not authorized to perform this operation
sudo: a terminal is required to read the password; either use the -S option to read from standard input or configure an askpass helper
sudo: a password is required
Error: failed to set Wi-Fi radio: Not authorized to perform this operation
Error: failed to set Wi-Fi radio: Not authorized to perform this operation
sudo: a terminal is required to read the password; either use the -S option to read from standard input or configure an askpass helper
sudo: a password is required
Error: failed to set Wi-Fi radio: Not authorized to perform this operation
Error: failed to set Wi-Fi radio: Not authorized to perform this operation
sudo: a terminal is required to read the password; either use the -S option to read from standard input or configure an askpass helper
sudo: a password is required
Error: failed to set Wi-Fi radio: Not authorized to perform this operation
Error: failed to set Wi-Fi radio: Not authorized to perform this operation
sudo: a terminal is required to read the password; either use the -S option to read from standard input or configure an askpass helper
sudo: a password is required
Error: failed to set Wi-Fi radio: Not authorized to perform this operation
Error: failed to set Wi-Fi radio: Not authorized to perform this operation
sudo: a terminal is required to read the password; either use the -S option to read from standard input or configure an askpass helper
sudo: a password is required
Error: failed to set Wi-Fi radio: Not authorized to perform this operation
Error: failed to set Wi-Fi radio: Not authorized to perform this operation
sudo: a terminal is required to read the password; either use the -S option to read from standard input or configure an askpass helper
sudo: a password is required
Error: failed to set Wi-Fi radio: Not authorized to perform this operation
Error: failed to set Wi-Fi radio: Not authorized to perform this operation
sudo: a terminal is required to read the password; either use the -S option to read from standard input or configure an askpass helper
sudo: a password is required
Error: failed to set Wi-Fi radio: Not authorized to perform this operation
Error: failed to set Wi-Fi radio: Not authorized to perform this operation
sudo: a terminal is required to read the password; either use the -S option to read from standard input or configure an askpass helper
sudo: a password is required
Error: failed to set Wi-Fi radio: Not authorized to perform this operation
Error: failed to set Wi-Fi radio: Not authorized to perform this operation
sudo: a terminal is required to read the password; either use the -S option to read from standard input or configure an askpass helper
sudo: a password is required
Error: failed to set Wi-Fi radio: Not authorized to perform this operation
Error: failed to set Wi-Fi radio: Not authorized to perform this operation
sudo: a terminal is required to read the password; either use the -S option to read from standard input or configure an askpass helper
sudo: a password is required
Error: failed to set Wi-Fi radio: Not authorized to perform this operation
Error: failed to set Wi-Fi radio: Not authorized to perform this operation
sudo: a terminal is required to read the password; either use the -S option to read from standard input or configure an askpass helper
sudo: a password is required
Error: failed to set Wi-Fi radio: Not authorized to perform this operation
Error: failed to set Wi-Fi radio: Not authorized to perform this operation
sudo: a terminal is required to read the password; either use the -S option to read from standard input or configure an askpass helper
sudo: a password is required
Error: failed to set Wi-Fi radio: Not authorized to perform this operation
Error: failed to set Wi-Fi radio: Not authorized to perform this operation
sudo: a terminal is required to read the password; either use the -S option to read from standard input or configure an askpass helper
sudo: a password is required
Error: failed to set Wi-Fi radio: Not authorized to perform this operation
Error: failed to set Wi-Fi radio: Not authorized to perform this operation
sudo: a terminal is required to read the password; either use the -S option to read from standard input or configure an askpass helper
sudo: a password is required
Error: failed to set Wi-Fi radio: Not authorized to perform this operation
Error: failed to set Wi-Fi radio: Not authorized to perform this operation
Error: failed to set Wi-Fi radio: Not authorized to perform this operation
sudo: a terminal is required to read the password; either use the -S option to read from standard input or configure an askpass helper
sudo: a password is required
java 21.0.4 2024-07-16 LTS
Java(TM) SE Runtime Environment (build 21.0.4+8-LTS-274)
Java HotSpot(TM) 64-Bit Server VM (build 21.0.4+8-LTS-274, mixed mode, sharing)
java 21.0.4 2024-07-16 LTS
Java(TM) SE Runtime Environment (build 21.0.4+8-LTS-274)
Java HotSpot(TM) 64-Bit Server VM (build 21.0.4+8-LTS-274, mixed mode, sharing)
Error: failed to set Wi-Fi radio: Not authorized to perform this operation
Error: failed to set Wi-Fi radio: Not authorized to perform this operation
Error: failed to set Wi-Fi radio: Not authorized to perform this operation
sudo: a terminal is required to read the password; either use the -S option to read from standard input or configure an askpass helper
sudo: a password is required
java 21.0.4 2024-07-16 LTS
Java(TM) SE Runtime Environment (build 21.0.4+8-LTS-274)
Java HotSpot(TM) 64-Bit Server VM (build 21.0.4+8-LTS-274, mixed mode, sharing)
java 21.0.4 2024-07-16 LTS
Java(TM) SE Runtime Environment (build 21.0.4+8-LTS-274)
Java HotSpot(TM) 64-Bit Server VM (build 21.0.4+8-LTS-274, mixed mode, sharing)
Error: failed to set Wi-Fi radio: Not authorized to perform this operation
Error: failed to set Wi-Fi radio: Not authorized to perform this operation
Error: failed to set Wi-Fi radio: Not authorized to perform this operation
sudo: a terminal is required to read the password; either use the -S option to read from standard input or configure an askpass helper
sudo: a password is required
java 21.0.4 2024-07-16 LTS
Java(TM) SE Runtime Environment (build 21.0.4+8-LTS-274)
Java HotSpot(TM) 64-Bit Server VM (build 21.0.4+8-LTS-274, mixed mode, sharing)
java 21.0.4 2024-07-16 LTS
Java(TM) SE Runtime Environment (build 21.0.4+8-LTS-274)
Java HotSpot(TM) 64-Bit Server VM (build 21.0.4+8-LTS-274, mixed mode, sharing)
Error: failed to set Wi-Fi radio: Not authorized to perform this operation
Error: failed to set Wi-Fi radio: Not authorized to perform this operation
Error: failed to set Wi-Fi radio: Not authorized to perform this operation
sudo: a terminal is required to read the password; either use the -S option to read from standard input or configure an askpass helper
sudo: a password is required
java 21.0.4 2024-07-16 LTS
Java(TM) SE Runtime Environment (build 21.0.4+8-LTS-274)
Java HotSpot(TM) 64-Bit Server VM (build 21.0.4+8-LTS-274, mixed mode, sharing)
java 21.0.4 2024-07-16 LTS
Java(TM) SE Runtime Environment (build 21.0.4+8-LTS-274)
Java HotSpot(TM) 64-Bit Server VM (build 21.0.4+8-LTS-274, mixed mode, sharing)
Error: failed to set Wi-Fi radio: Not authorized to perform this operation
Error: failed to set Wi-Fi radio: Not authorized to perform this operation
Error: failed to set Wi-Fi radio: Not authorized to perform this operation
sudo: a terminal is required to read the password; either use the -S option to read from standard input or configure an askpass helper
sudo: a password is required
java 21.0.4 2024-07-16 LTS
Java(TM) SE Runtime Environment (build 21.0.4+8-LTS-274)
Java HotSpot(TM) 64-Bit Server VM (build 21.0.4+8-LTS-274, mixed mode, sharing)
java 21.0.4 2024-07-16 LTS
Java(TM) SE Runtime Environment (build 21.0.4+8-LTS-274)
Java HotSpot(TM) 64-Bit Server VM (build 21.0.4+8-LTS-274, mixed mode, sharing)
Error: failed to set Wi-Fi radio: Not authorized to perform this operation
Error: failed to set Wi-Fi radio: Not authorized to perform this operation
Error: failed to set Wi-Fi radio: Not authorized to perform this operation
sudo: a terminal is required to read the password; either use the -S option to read from standard input or configure an askpass helper
sudo: a password is required
java 21.0.4 2024-07-16 LTS
java 21.0.4 2024-07-16 LTS
Java(TM) SE Runtime Environment (build 21.0.4+8-LTS-274)
Java HotSpot(TM) 64-Bit Server VM (build 21.0.4+8-LTS-274, mixed mode, sharing)
Java(TM) SE Runtime Environment (build 21.0.4+8-LTS-274)
Java HotSpot(TM) 64-Bit Server VM (build 21.0.4+8-LTS-274, mixed mode, sharing)
Error: failed to set Wi-Fi radio: Not authorized to perform this operation
Error: failed to set Wi-Fi radio: Not authorized to perform this operation
Error: failed to set Wi-Fi radio: Not authorized to perform this operation
sudo: a terminal is required to read the password; either use the -S option to read from standard input or configure an askpass helper
sudo: a password is required
java 21.0.4 2024-07-16 LTS
Java(TM) SE Runtime Environment (build 21.0.4+8-LTS-274)
Java HotSpot(TM) 64-Bit Server VM (build 21.0.4+8-LTS-274, mixed mode, sharing)
java 21.0.4 2024-07-16 LTS
Java(TM) SE Runtime Environment (build 21.0.4+8-LTS-274)
Java HotSpot(TM) 64-Bit Server VM (build 21.0.4+8-LTS-274, mixed mode, sharing)
Error: failed to set Wi-Fi radio: Not authorized to perform this operation
Error: failed to set Wi-Fi radio: Not authorized to perform this operation
Error: failed to set Wi-Fi radio: Not authorized to perform this operation
sudo: a terminal is required to read the password; either use the -S option to read from standard input or configure an askpass helper
sudo: a password is required
java 21.0.4 2024-07-16 LTS
java 21.0.4 2024-07-16 LTS
Java(TM) SE Runtime Environment (build 21.0.4+8-LTS-274)
Java HotSpot(TM) 64-Bit Server VM (build 21.0.4+8-LTS-274, mixed mode, sharing)
Java(TM) SE Runtime Environment (build 21.0.4+8-LTS-274)
Java HotSpot(TM) 64-Bit Server VM (build 21.0.4+8-LTS-274, mixed mode, sharing)
sudo: a terminal is required to read the password; either use the -S option to read from standard input or configure an askpass helper
sudo: a password is required
java 21.0.4 2024-07-16 LTS
Java(TM) SE Runtime Environment (build 21.0.4+8-LTS-274)
Java HotSpot(TM) 64-Bit Server VM (build 21.0.4+8-LTS-274, mixed mode, sharing)
java 21.0.4 2024-07-16 LTS
Java(TM) SE Runtime Environment (build 21.0.4+8-LTS-274)
Java HotSpot(TM) 64-Bit Server VM (build 21.0.4+8-LTS-274, mixed mode, sharing)
sudo: a terminal is required to read the password; either use the -S option to read from standard input or configure an askpass helper
sudo: a password is required
java 21.0.4 2024-07-16 LTS
Java(TM) SE Runtime Environment (build 21.0.4+8-LTS-274)
Java HotSpot(TM) 64-Bit Server VM (build 21.0.4+8-LTS-274, mixed mode, sharing)
java 21.0.4 2024-07-16 LTS
Java(TM) SE Runtime Environment (build 21.0.4+8-LTS-274)
Java HotSpot(TM) 64-Bit Server VM (build 21.0.4+8-LTS-274, mixed mode, sharing)
