2024-11-15 11:21:02 - Starting SakhaApplication using Java 17.0.13 with PID 498207 (/home/admin/Desktop/Sakha/sakha/target/classes started by admin in /home/admin/Desktop/Sakha/sakha)
2024-11-15 11:21:02 - No active profile set, falling back to 1 default profile: "default"
2024-11-15 11:21:03 - Bootstrapping Spring Data JPA repositories in DEFAULT mode.
2024-11-15 11:21:03 - Finished Spring Data repository scanning in 97 ms. Found 2 JPA repository interfaces.
2024-11-15 11:21:05 - Tomcat initialized with port 8080 (http)
2024-11-15 11:21:05 - Starting service [Tomcat]
2024-11-15 11:21:05 - Starting Servlet engine: [Apache Tomcat/10.1.30]
2024-11-15 11:21:05 - Initializing Spring embedded WebApplicationContext
2024-11-15 11:21:05 - Root WebApplicationContext: initialization completed in 2599 ms
2024-11-15 11:21:05 - HHH000204: Processing PersistenceUnitInfo [name: default]
2024-11-15 11:21:05 - HHH000412: Hibernate ORM core version 6.5.3.Final
2024-11-15 11:21:05 - HHH000026: Second-level cache disabled
2024-11-15 11:21:06 - No LoadTimeWeaver setup: ignoring JPA class transformer
2024-11-15 11:21:06 - HikariPool-1 - Starting...
2024-11-15 11:21:07 - HikariPool-1 - Added connection org.postgresql.jdbc.PgConnection@2aa6bbad
2024-11-15 11:21:07 - HikariPool-1 - Start completed.
2024-11-15 11:21:07 - HHH90000025: PostgreSQLDialect does not need to be specified explicitly using 'hibernate.dialect' (remove the property setting and it will be selected by default)
2024-11-15 11:21:08 - HHH000489: No JTA platform available (set 'hibernate.transaction.jta.platform' to enable JTA platform integration)
2024-11-15 11:21:09 - Initialized JPA EntityManagerFactory for persistence unit 'default'
2024-11-15 11:21:09 - spring.jpa.open-in-view is enabled by default. Therefore, database queries may be performed during view rendering. Explicitly configure spring.jpa.open-in-view to disable this warning
2024-11-15 11:21:10 - Tomcat started on port 8080 (http) with context path '/'
2024-11-15 11:21:10 - Started SakhaApplication in 8.913 seconds (process running for 9.64)
2024-11-15 11:21:54 - Initializing Spring DispatcherServlet 'dispatcherServlet'
2024-11-15 11:21:54 - Initializing Servlet 'dispatcherServlet'
2024-11-15 11:21:54 - Completed initialization in 2 ms
2024-11-15 11:21:55 - API=/scheduledTask/create | Method=POST | Status=200 | Duration=1148 ms | Request={"taskname": "java","dateTime": "2024-11-15T11:22:00","status": "pending"} | Response={"taskname":"java","dateTime":[2024,11,15,11,22],"status":"Inactive"}
